[2.176s] DEBUG:colcon:Command line arguments: ['/usr/bin/colcon', 'build', '--symlink-install']
[2.177s] DEBUG:colcon:Parsed command line arguments: Namespace(log_base=None, log_level=None, verb_name='build', build_base='build', install_base='install', merge_install=False, symlink_install=True, test_result_base=None, continue_on_error=False, executor='parallel', parallel_workers=4, event_handlers=None, ignore_user_meta=False, metas=['./colcon.meta'], base_paths=['.'], packages_ignore=None, packages_ignore_regex=None, paths=None, packages_up_to=None, packages_up_to_regex=None, packages_above=None, packages_above_and_dependencies=None, packages_above_depth=None, packages_select_by_dep=None, packages_skip_by_dep=None, packages_skip_up_to=None, packages_select_build_failed=False, packages_skip_build_finished=False, packages_select_test_failures=False, packages_skip_test_passed=False, packages_select=None, packages_skip=None, packages_select_regex=None, packages_skip_regex=None, packages_start=None, packages_end=None, allow_overriding=[], cmake_args=None, cmake_target=None, cmake_target_skip_unavailable=False, cmake_clean_cache=False, cmake_clean_first=False, cmake_force_configure=False, ament_cmake_args=None, catkin_cmake_args=None, catkin_skip_building_tests=False, mixin_files=None, mixin=None, verb_parser=<colcon_mixin.mixin.mixin_argument.MixinArgumentDecorator object at 0x7265a3401750>, verb_extension=<colcon_core.verb.build.BuildVerb object at 0x7265a3400d30>, main=<bound method BuildVerb.main of <colcon_core.verb.build.BuildVerb object at 0x7265a3400d30>>, mixin_verb=('build',))
[4.402s] Level 1:colcon.colcon_core.package_discovery:discover_packages(colcon_meta) check parameters
[4.403s] Level 1:colcon.colcon_core.package_discovery:discover_packages(recursive) check parameters
[4.403s] Level 1:colcon.colcon_core.package_discovery:discover_packages(ignore) check parameters
[4.404s] Level 1:colcon.colcon_core.package_discovery:discover_packages(path) check parameters
[4.404s] Level 1:colcon.colcon_core.package_discovery:discover_packages(colcon_meta) discover
[4.404s] Level 1:colcon.colcon_core.package_discovery:discover_packages(recursive) discover
[4.405s] INFO:colcon.colcon_core.package_discovery:Crawling recursively for packages in '/home/pratinav/Desktop/teleOperation'
[4.405s] Level 1:colcon.colcon_core.package_identification:_identify(.) by extensions ['ignore', 'ignore_ament_install']
[4.405s] Level 1:colcon.colcon_core.package_identification:_identify(.) by extension 'ignore'
[4.405s] Level 1:colcon.colcon_core.package_identification:_identify(.) by extension 'ignore_ament_install'
[4.405s] Level 1:colcon.colcon_core.package_identification:_identify(.) by extensions ['colcon_pkg']
[4.405s] Level 1:colcon.colcon_core.package_identification:_identify(.) by extension 'colcon_pkg'
[4.405s] Level 1:colcon.colcon_core.package_identification:_identify(.) by extensions ['colcon_meta']
[4.405s] Level 1:colcon.colcon_core.package_identification:_identify(.) by extension 'colcon_meta'
[4.405s] Level 1:colcon.colcon_core.package_identification:_identify(.) by extensions ['ros']
[4.405s] Level 1:colcon.colcon_core.package_identification:_identify(.) by extension 'ros'
[4.459s] Level 1:colcon.colcon_core.package_identification:_identify(.) by extensions ['cmake', 'python']
[4.459s] Level 1:colcon.colcon_core.package_identification:_identify(.) by extension 'cmake'
[4.459s] Level 1:colcon.colcon_core.package_identification:_identify(.) by extension 'python'
[4.459s] Level 1:colcon.colcon_core.package_identification:_identify(.) by extensions ['python_setup_py']
[4.459s] Level 1:colcon.colcon_core.package_identification:_identify(.) by extension 'python_setup_py'
[4.459s] Level 1:colcon.colcon_core.package_identification:_identify(build) by extensions ['ignore', 'ignore_ament_install']
[4.460s] Level 1:colcon.colcon_core.package_identification:_identify(build) by extension 'ignore'
[4.460s] Level 1:colcon.colcon_core.package_identification:_identify(build) ignored
[4.460s] Level 1:colcon.colcon_core.package_identification:_identify(install) by extensions ['ignore', 'ignore_ament_install']
[4.460s] Level 1:colcon.colcon_core.package_identification:_identify(install) by extension 'ignore'
[4.460s] Level 1:colcon.colcon_core.package_identification:_identify(install) ignored
[4.460s] Level 1:colcon.colcon_core.package_identification:_identify(log) by extensions ['ignore', 'ignore_ament_install']
[4.460s] Level 1:colcon.colcon_core.package_identification:_identify(log) by extension 'ignore'
[4.460s] Level 1:colcon.colcon_core.package_identification:_identify(log) ignored
[4.460s] Level 1:colcon.colcon_core.package_identification:_identify(teleOperation) by extensions ['ignore', 'ignore_ament_install']
[4.460s] Level 1:colcon.colcon_core.package_identification:_identify(teleOperation) by extension 'ignore'
[4.461s] Level 1:colcon.colcon_core.package_identification:_identify(teleOperation) by extension 'ignore_ament_install'
[4.461s] Level 1:colcon.colcon_core.package_identification:_identify(teleOperation) by extensions ['colcon_pkg']
[4.461s] Level 1:colcon.colcon_core.package_identification:_identify(teleOperation) by extension 'colcon_pkg'
[4.461s] Level 1:colcon.colcon_core.package_identification:_identify(teleOperation) by extensions ['colcon_meta']
[4.461s] Level 1:colcon.colcon_core.package_identification:_identify(teleOperation) by extension 'colcon_meta'
[4.461s] Level 1:colcon.colcon_core.package_identification:_identify(teleOperation) by extensions ['ros']
[4.461s] Level 1:colcon.colcon_core.package_identification:_identify(teleOperation) by extension 'ros'
[4.471s] DEBUG:colcon.colcon_core.package_identification:Package 'teleOperation' with type 'ros.ament_cmake' and name 'teleOperation'
[4.471s] Level 1:colcon.colcon_core.package_discovery:discover_packages(recursive) using defaults
[4.471s] Level 1:colcon.colcon_core.package_discovery:discover_packages(ignore) discover
[4.471s] Level 1:colcon.colcon_core.package_discovery:discover_packages(ignore) using defaults
[4.471s] Level 1:colcon.colcon_core.package_discovery:discover_packages(path) discover
[4.471s] Level 1:colcon.colcon_core.package_discovery:discover_packages(path) using defaults
[4.653s] Level 1:colcon.colcon_core.package_discovery:discover_packages(prefix_path) check parameters
[4.654s] Level 1:colcon.colcon_core.package_discovery:discover_packages(prefix_path) discover
[4.705s] DEBUG:colcon.colcon_installed_package_information.package_discovery:Found 2 installed packages in /home/pratinav/ros2_ws/install
[4.707s] DEBUG:colcon.colcon_installed_package_information.package_discovery:Found 270 installed packages in /opt/ros/humble
[4.709s] Level 1:colcon.colcon_core.package_discovery:discover_packages(prefix_path) using defaults
[4.843s] Level 5:colcon.colcon_core.verb:set package 'teleOperation' build argument 'cmake_args' from command line to 'None'
[4.844s] Level 5:colcon.colcon_core.verb:set package 'teleOperation' build argument 'cmake_target' from command line to 'None'
[4.845s] Level 5:colcon.colcon_core.verb:set package 'teleOperation' build argument 'cmake_target_skip_unavailable' from command line to 'False'
[4.845s] Level 5:colcon.colcon_core.verb:set package 'teleOperation' build argument 'cmake_clean_cache' from command line to 'False'
[4.845s] Level 5:colcon.colcon_core.verb:set package 'teleOperation' build argument 'cmake_clean_first' from command line to 'False'
[4.845s] Level 5:colcon.colcon_core.verb:set package 'teleOperation' build argument 'cmake_force_configure' from command line to 'False'
[4.845s] Level 5:colcon.colcon_core.verb:set package 'teleOperation' build argument 'ament_cmake_args' from command line to 'None'
[4.845s] Level 5:colcon.colcon_core.verb:set package 'teleOperation' build argument 'catkin_cmake_args' from command line to 'None'
[4.845s] Level 5:colcon.colcon_core.verb:set package 'teleOperation' build argument 'catkin_skip_building_tests' from command line to 'False'
[4.845s] DEBUG:colcon.colcon_core.verb:Building package 'teleOperation' with the following arguments: {'ament_cmake_args': None, 'build_base': '/home/pratinav/Desktop/teleOperation/build/teleOperation', 'catkin_cmake_args': None, 'catkin_skip_building_tests': False, 'cmake_args': None, 'cmake_clean_cache': False, 'cmake_clean_first': False, 'cmake_force_configure': False, 'cmake_target': None, 'cmake_target_skip_unavailable': False, 'install_base': '/home/pratinav/Desktop/teleOperation/install/teleOperation', 'merge_install': False, 'path': '/home/pratinav/Desktop/teleOperation/teleOperation', 'symlink_install': True, 'test_result_base': None}
[4.846s] INFO:colcon.colcon_core.executor:Executing jobs using 'parallel' executor
[4.848s] DEBUG:colcon.colcon_parallel_executor.executor.parallel:run_until_complete
[4.849s] INFO:colcon.colcon_ros.task.ament_cmake.build:Building ROS package in '/home/pratinav/Desktop/teleOperation/teleOperation' with build type 'ament_cmake'
[4.849s] INFO:colcon.colcon_cmake.task.cmake.build:Building CMake package in '/home/pratinav/Desktop/teleOperation/teleOperation'
[4.910s] INFO:colcon.colcon_core.plugin_system:Skipping extension 'colcon_core.shell.bat': Not used on non-Windows systems
[4.912s] INFO:colcon.colcon_core.shell:Skip shell extension 'powershell' for command environment: Not usable outside of PowerShell
[4.916s] DEBUG:colcon.colcon_core.shell:Skip shell extension 'dsv' for command environment
[4.992s] DEBUG:colcon.colcon_core.event_handler.log_command:Invoking command in '/home/pratinav/Desktop/teleOperation/build/teleOperation': CMAKE_PREFIX_PATH=${CMAKE_PREFIX_PATH}:/home/pratinav/ros2_ws/install/my_py_pkg:/opt/ros/humble /usr/bin/cmake /home/pratinav/Desktop/teleOperation/teleOperation -DAMENT_CMAKE_SYMLINK_INSTALL=1 -DCMAKE_INSTALL_PREFIX=/home/pratinav/Desktop/teleOperation/install/teleOperation
[9.042s] DEBUG:colcon.colcon_core.event_handler.log_command:Invoked command in '/home/pratinav/Desktop/teleOperation/build/teleOperation' returned '0': CMAKE_PREFIX_PATH=${CMAKE_PREFIX_PATH}:/home/pratinav/ros2_ws/install/my_py_pkg:/opt/ros/humble /usr/bin/cmake /home/pratinav/Desktop/teleOperation/teleOperation -DAMENT_CMAKE_SYMLINK_INSTALL=1 -DCMAKE_INSTALL_PREFIX=/home/pratinav/Desktop/teleOperation/install/teleOperation
[9.042s] DEBUG:colcon.colcon_core.event_handler.log_command:Invoking command in '/home/pratinav/Desktop/teleOperation/build/teleOperation': CMAKE_PREFIX_PATH=${CMAKE_PREFIX_PATH}:/home/pratinav/ros2_ws/install/my_py_pkg:/opt/ros/humble /usr/bin/cmake --build /home/pratinav/Desktop/teleOperation/build/teleOperation -- -j4 -l4
[9.675s] DEBUG:colcon.colcon_core.event_handler.log_command:Invoked command in '/home/pratinav/Desktop/teleOperation/build/teleOperation' returned '0': CMAKE_PREFIX_PATH=${CMAKE_PREFIX_PATH}:/home/pratinav/ros2_ws/install/my_py_pkg:/opt/ros/humble /usr/bin/cmake --build /home/pratinav/Desktop/teleOperation/build/teleOperation -- -j4 -l4
[9.889s] DEBUG:colcon.colcon_core.event_handler.log_command:Invoking command in '/home/pratinav/Desktop/teleOperation/build/teleOperation': CMAKE_PREFIX_PATH=${CMAKE_PREFIX_PATH}:/home/pratinav/ros2_ws/install/my_py_pkg:/opt/ros/humble /usr/bin/cmake --install /home/pratinav/Desktop/teleOperation/build/teleOperation
[10.512s] Level 1:colcon.colcon_core.environment:create_environment_scripts_only(teleOperation)
[10.513s] DEBUG:colcon.colcon_core.event_handler.log_command:Invoked command in '/home/pratinav/Desktop/teleOperation/build/teleOperation' returned '0': CMAKE_PREFIX_PATH=${CMAKE_PREFIX_PATH}:/home/pratinav/ros2_ws/install/my_py_pkg:/opt/ros/humble /usr/bin/cmake --install /home/pratinav/Desktop/teleOperation/build/teleOperation
[10.568s] Level 1:colcon.colcon_core.environment:checking '/home/pratinav/Desktop/teleOperation/install/teleOperation' for CMake module files
[10.570s] Level 1:colcon.colcon_core.environment:checking '/home/pratinav/Desktop/teleOperation/install/teleOperation' for CMake config files
[10.571s] Level 1:colcon.colcon_core.shell:create_environment_hook('teleOperation', 'cmake_prefix_path')
[10.571s] INFO:colcon.colcon_core.shell:Creating environment hook '/home/pratinav/Desktop/teleOperation/install/teleOperation/share/teleOperation/hook/cmake_prefix_path.ps1'
[10.573s] INFO:colcon.colcon_core.shell:Creating environment descriptor '/home/pratinav/Desktop/teleOperation/install/teleOperation/share/teleOperation/hook/cmake_prefix_path.dsv'
[10.576s] INFO:colcon.colcon_core.shell:Creating environment hook '/home/pratinav/Desktop/teleOperation/install/teleOperation/share/teleOperation/hook/cmake_prefix_path.sh'
[10.583s] Level 1:colcon.colcon_core.environment:checking '/home/pratinav/Desktop/teleOperation/install/teleOperation/lib'
[10.584s] Level 1:colcon.colcon_core.environment:checking '/home/pratinav/Desktop/teleOperation/install/teleOperation/bin'
[10.585s] Level 1:colcon.colcon_core.environment:checking '/home/pratinav/Desktop/teleOperation/install/teleOperation/lib/pkgconfig/teleOperation.pc'
[10.585s] Level 1:colcon.colcon_core.environment:checking '/home/pratinav/Desktop/teleOperation/install/teleOperation/lib/python3.10/site-packages'
[10.585s] Level 1:colcon.colcon_core.environment:checking '/home/pratinav/Desktop/teleOperation/install/teleOperation/bin'
[10.586s] INFO:colcon.colcon_core.shell:Creating package script '/home/pratinav/Desktop/teleOperation/install/teleOperation/share/teleOperation/package.ps1'
[10.589s] INFO:colcon.colcon_core.shell:Creating package descriptor '/home/pratinav/Desktop/teleOperation/install/teleOperation/share/teleOperation/package.dsv'
[10.591s] INFO:colcon.colcon_core.shell:Creating package script '/home/pratinav/Desktop/teleOperation/install/teleOperation/share/teleOperation/package.sh'
[10.604s] INFO:colcon.colcon_core.shell:Creating package script '/home/pratinav/Desktop/teleOperation/install/teleOperation/share/teleOperation/package.bash'
[10.619s] INFO:colcon.colcon_core.shell:Creating package script '/home/pratinav/Desktop/teleOperation/install/teleOperation/share/teleOperation/package.zsh'
[10.627s] Level 1:colcon.colcon_core.environment:create_file_with_runtime_dependencies(/home/pratinav/Desktop/teleOperation/install/teleOperation/share/colcon-core/packages/teleOperation)
[10.768s] Level 1:colcon.colcon_core.environment:create_environment_scripts_only(teleOperation)
[10.769s] Level 1:colcon.colcon_core.environment:checking '/home/pratinav/Desktop/teleOperation/install/teleOperation' for CMake module files
[10.769s] Level 1:colcon.colcon_core.environment:checking '/home/pratinav/Desktop/teleOperation/install/teleOperation' for CMake config files
[10.769s] Level 1:colcon.colcon_core.shell:create_environment_hook('teleOperation', 'cmake_prefix_path')
[10.770s] INFO:colcon.colcon_core.shell:Creating environment hook '/home/pratinav/Desktop/teleOperation/install/teleOperation/share/teleOperation/hook/cmake_prefix_path.ps1'
[10.771s] INFO:colcon.colcon_core.shell:Creating environment descriptor '/home/pratinav/Desktop/teleOperation/install/teleOperation/share/teleOperation/hook/cmake_prefix_path.dsv'
[10.772s] INFO:colcon.colcon_core.shell:Creating environment hook '/home/pratinav/Desktop/teleOperation/install/teleOperation/share/teleOperation/hook/cmake_prefix_path.sh'
[10.774s] Level 1:colcon.colcon_core.environment:checking '/home/pratinav/Desktop/teleOperation/install/teleOperation/lib'
[10.774s] Level 1:colcon.colcon_core.environment:checking '/home/pratinav/Desktop/teleOperation/install/teleOperation/bin'
[10.774s] Level 1:colcon.colcon_core.environment:checking '/home/pratinav/Desktop/teleOperation/install/teleOperation/lib/pkgconfig/teleOperation.pc'
[10.775s] Level 1:colcon.colcon_core.environment:checking '/home/pratinav/Desktop/teleOperation/install/teleOperation/lib/python3.10/site-packages'
[10.775s] Level 1:colcon.colcon_core.environment:checking '/home/pratinav/Desktop/teleOperation/install/teleOperation/bin'
[10.775s] INFO:colcon.colcon_core.shell:Creating package script '/home/pratinav/Desktop/teleOperation/install/teleOperation/share/teleOperation/package.ps1'
[10.778s] INFO:colcon.colcon_core.shell:Creating package descriptor '/home/pratinav/Desktop/teleOperation/install/teleOperation/share/teleOperation/package.dsv'
[10.779s] INFO:colcon.colcon_core.shell:Creating package script '/home/pratinav/Desktop/teleOperation/install/teleOperation/share/teleOperation/package.sh'
[10.782s] INFO:colcon.colcon_core.shell:Creating package script '/home/pratinav/Desktop/teleOperation/install/teleOperation/share/teleOperation/package.bash'
[10.803s] INFO:colcon.colcon_core.shell:Creating package script '/home/pratinav/Desktop/teleOperation/install/teleOperation/share/teleOperation/package.zsh'
[10.814s] Level 1:colcon.colcon_core.environment:create_file_with_runtime_dependencies(/home/pratinav/Desktop/teleOperation/install/teleOperation/share/colcon-core/packages/teleOperation)
[10.815s] DEBUG:colcon.colcon_parallel_executor.executor.parallel:closing loop
[10.816s] DEBUG:colcon.colcon_parallel_executor.executor.parallel:loop closed
[10.816s] DEBUG:colcon.colcon_parallel_executor.executor.parallel:run_until_complete finished with '0'
[10.816s] DEBUG:colcon.colcon_core.event_reactor:joining thread
[10.866s] INFO:colcon.colcon_core.plugin_system:Skipping extension 'colcon_notification.desktop_notification.terminal_notifier': Not used on non-Darwin systems
[10.867s] INFO:colcon.colcon_core.plugin_system:Skipping extension 'colcon_notification.desktop_notification.win32': Not used on non-Windows systems
[10.867s] INFO:colcon.colcon_notification.desktop_notification:Sending desktop notification using 'notify2'
[10.961s] DEBUG:colcon.colcon_core.event_reactor:joined thread
[10.962s] INFO:colcon.colcon_core.shell:Creating prefix script '/home/pratinav/Desktop/teleOperation/install/local_setup.ps1'
[10.966s] INFO:colcon.colcon_core.shell:Creating prefix util module '/home/pratinav/Desktop/teleOperation/install/_local_setup_util_ps1.py'
[10.969s] INFO:colcon.colcon_core.shell:Creating prefix chain script '/home/pratinav/Desktop/teleOperation/install/setup.ps1'
[10.971s] INFO:colcon.colcon_core.shell:Creating prefix script '/home/pratinav/Desktop/teleOperation/install/local_setup.sh'
[10.973s] INFO:colcon.colcon_core.shell:Creating prefix util module '/home/pratinav/Desktop/teleOperation/install/_local_setup_util_sh.py'
[10.973s] INFO:colcon.colcon_core.shell:Creating prefix chain script '/home/pratinav/Desktop/teleOperation/install/setup.sh'
[10.975s] INFO:colcon.colcon_core.shell:Creating prefix script '/home/pratinav/Desktop/teleOperation/install/local_setup.bash'
[10.977s] INFO:colcon.colcon_core.shell:Creating prefix chain script '/home/pratinav/Desktop/teleOperation/install/setup.bash'
[10.979s] INFO:colcon.colcon_core.shell:Creating prefix script '/home/pratinav/Desktop/teleOperation/install/local_setup.zsh'
[10.980s] INFO:colcon.colcon_core.shell:Creating prefix chain script '/home/pratinav/Desktop/teleOperation/install/setup.zsh'
