-- The C compiler identification is GNU 11.4.0
-- The CXX compiler identification is GNU 11.4.0
-- Detecting C compiler ABI info
-- Detecting C compiler ABI info - done
-- Check for working C compiler: /usr/bin/cc - skipped
-- Detecting C compile features
-- Detecting C compile features - done
-- Detecting CXX compiler ABI info
-- Detecting CXX compiler ABI info - done
-- Check for working CXX compiler: /usr/bin/c++ - skipped
-- Detecting CXX compile features
-- Detecting CXX compile features - done
-- Found ament_cmake: 1.3.9 (/opt/ros/humble/share/ament_cmake/cmake)
-- Found Python3: /usr/bin/python3 (found version "3.10.12") found components: Interpreter 
-- Override CMake install command with custom implementation using symlinks instead of copying resources
-- Found ament_lint_auto: 0.12.11 (/opt/ros/humble/share/ament_lint_auto/cmake)
-- Added test 'copyright' to check source files copyright and LICENSE
-- Added test 'cppcheck' to perform static code analysis on C / C++ code
-- Configured cppcheck include dirs: $<BUILD_INTERFACE:/home/pratinav/Desktop/teleOperation/teleOperation/include>
-- Configured cppcheck exclude dirs and/or files: 
-- Added test 'cpplint' to check C / C++ code against the Google style
-- Configured cpplint exclude dirs and/or files: 
-- Added test 'flake8' to check Python code syntax and style conventions
-- Added test 'lint_cmake' to check CMake code style
-- Added test 'pep257' to check Python code against some of the docstring style conventions in PEP 257
-- Added test 'uncrustify' to check C / C++ code style
-- Configured uncrustify additional arguments: 
-- Added test 'xmllint' to check XML markup files
-- Configuring done
-- Generating done
-- Build files have been written to: /home/pratinav/Desktop/teleOperation/build/teleOperation
[ 50%] [32mBuilding CXX object CMakeFiles/my_node.dir/src/my_node.cpp.o[0m
[100%] [32m[1mLinking CXX executable my_node[0m
[100%] Built target my_node
-- Install configuration: ""
-- Execute custom install script
-- Symlinking: /home/pratinav/Desktop/teleOperation/install/teleOperation/lib/teleOperation/my_node
-- Symlinking: /home/pratinav/Desktop/teleOperation/install/teleOperation/share/teleOperation//launch/display.launch.py
-- Symlinking: /home/pratinav/Desktop/teleOperation/install/teleOperation/share/teleOperation//launch/gazebo.launch.py
-- Symlinking: /home/pratinav/Desktop/teleOperation/install/teleOperation/share/teleOperation//urdf/my_robot.urdf
-- Symlinking: /home/pratinav/Desktop/teleOperation/install/teleOperation/share/teleOperation//rviz/config.rviz
-- Symlinking: /home/pratinav/Desktop/teleOperation/install/teleOperation/share/ament_index/resource_index/package_run_dependencies/teleOperation
-- Symlinking: /home/pratinav/Desktop/teleOperation/install/teleOperation/share/ament_index/resource_index/parent_prefix_path/teleOperation
-- Symlinking: /home/pratinav/Desktop/teleOperation/install/teleOperation/share/teleOperation/environment/ament_prefix_path.sh
-- Symlinking: /home/pratinav/Desktop/teleOperation/install/teleOperation/share/teleOperation/environment/ament_prefix_path.dsv
-- Symlinking: /home/pratinav/Desktop/teleOperation/install/teleOperation/share/teleOperation/environment/path.sh
-- Symlinking: /home/pratinav/Desktop/teleOperation/install/teleOperation/share/teleOperation/environment/path.dsv
-- Symlinking: /home/pratinav/Desktop/teleOperation/install/teleOperation/share/teleOperation/local_setup.bash
-- Symlinking: /home/pratinav/Desktop/teleOperation/install/teleOperation/share/teleOperation/local_setup.sh
-- Symlinking: /home/pratinav/Desktop/teleOperation/install/teleOperation/share/teleOperation/local_setup.zsh
-- Symlinking: /home/pratinav/Desktop/teleOperation/install/teleOperation/share/teleOperation/local_setup.dsv
-- Symlinking: /home/pratinav/Desktop/teleOperation/install/teleOperation/share/teleOperation/package.dsv
-- Symlinking: /home/pratinav/Desktop/teleOperation/install/teleOperation/share/ament_index/resource_index/packages/teleOperation
-- Symlinking: /home/pratinav/Desktop/teleOperation/install/teleOperation/share/teleOperation/cmake/teleOperationConfig.cmake
-- Symlinking: /home/pratinav/Desktop/teleOperation/install/teleOperation/share/teleOperation/cmake/teleOperationConfig-version.cmake
-- Symlinking: /home/pratinav/Desktop/teleOperation/install/teleOperation/share/teleOperation/package.xml
