[0.142s] Invoking command in '/home/pratinav/Desktop/teleOperation/build/teleOperation': CMAKE_PREFIX_PATH=${CMAKE_PREFIX_PATH}:/home/pratinav/ros2_ws/install/my_py_pkg:/opt/ros/humble /usr/bin/cmake /home/pratinav/Desktop/teleOperation/teleOperation -DAMENT_CMAKE_SYMLINK_INSTALL=1 -DCMAKE_INSTALL_PREFIX=/home/pratinav/Desktop/teleOperation/install/teleOperation
[0.725s] -- The C compiler identification is GNU 11.4.0
[1.105s] -- The CXX compiler identification is GNU 11.4.0
[1.216s] -- Detecting C compiler ABI info
[1.740s] -- Detecting C compiler ABI info - done
[1.762s] -- Check for working C compiler: /usr/bin/cc - skipped
[1.763s] -- Detecting C compile features
[1.764s] -- Detecting C compile features - done
[1.784s] -- Detecting CXX compiler ABI info
[2.312s] -- Detecting CXX compiler ABI info - done
[2.329s] -- Check for working CXX compiler: /usr/bin/c++ - skipped
[2.329s] -- Detecting CXX compile features
[2.332s] -- Detecting CXX compile features - done
[2.397s] -- Found ament_cmake: 1.3.9 (/opt/ros/humble/share/ament_cmake/cmake)
[2.957s] -- Found Python3: /usr/bin/python3 (found version "3.10.12") found components: Interpreter 
[3.324s] -- Override CMake install command with custom implementation using symlinks instead of copying resources
[3.608s] -- Found ament_lint_auto: 0.12.11 (/opt/ros/humble/share/ament_lint_auto/cmake)
[3.893s] WARNING: Package name "teleOperation" does not follow the naming conventions. It should start with a lower case letter and only contain lower case letters, digits, underscores, and dashes.
[4.071s] -- Added test 'copyright' to check source files copyright and LICENSE
[4.094s] -- Added test 'cppcheck' to perform static code analysis on C / C++ code
[4.094s] -- Configured cppcheck include dirs: $<BUILD_INTERFACE:/home/pratinav/Desktop/teleOperation/teleOperation/include>
[4.094s] -- Configured cppcheck exclude dirs and/or files: 
[4.099s] -- Added test 'cpplint' to check C / C++ code against the Google style
[4.099s] -- Configured cpplint exclude dirs and/or files: 
[4.106s] -- Added test 'flake8' to check Python code syntax and style conventions
[4.109s] -- Added test 'lint_cmake' to check CMake code style
[4.112s] -- Added test 'pep257' to check Python code against some of the docstring style conventions in PEP 257
[4.119s] -- Added test 'uncrustify' to check C / C++ code style
[4.119s] -- Configured uncrustify additional arguments: 
[4.123s] -- Added test 'xmllint' to check XML markup files
[4.151s] -- Configuring done
[4.165s] -- Generating done
[4.174s] -- Build files have been written to: /home/pratinav/Desktop/teleOperation/build/teleOperation
[4.191s] Invoked command in '/home/pratinav/Desktop/teleOperation/build/teleOperation' returned '0': CMAKE_PREFIX_PATH=${CMAKE_PREFIX_PATH}:/home/pratinav/ros2_ws/install/my_py_pkg:/opt/ros/humble /usr/bin/cmake /home/pratinav/Desktop/teleOperation/teleOperation -DAMENT_CMAKE_SYMLINK_INSTALL=1 -DCMAKE_INSTALL_PREFIX=/home/pratinav/Desktop/teleOperation/install/teleOperation
[4.192s] Invoking command in '/home/pratinav/Desktop/teleOperation/build/teleOperation': CMAKE_PREFIX_PATH=${CMAKE_PREFIX_PATH}:/home/pratinav/ros2_ws/install/my_py_pkg:/opt/ros/humble /usr/bin/cmake --build /home/pratinav/Desktop/teleOperation/build/teleOperation -- -j4 -l4
[4.376s] [ 50%] [32mBuilding CXX object CMakeFiles/my_node.dir/src/my_node.cpp.o[0m
[4.612s] [100%] [32m[1mLinking CXX executable my_node[0m
[4.743s] [100%] Built target my_node
[4.825s] Invoked command in '/home/pratinav/Desktop/teleOperation/build/teleOperation' returned '0': CMAKE_PREFIX_PATH=${CMAKE_PREFIX_PATH}:/home/pratinav/ros2_ws/install/my_py_pkg:/opt/ros/humble /usr/bin/cmake --build /home/pratinav/Desktop/teleOperation/build/teleOperation -- -j4 -l4
[5.039s] Invoking command in '/home/pratinav/Desktop/teleOperation/build/teleOperation': CMAKE_PREFIX_PATH=${CMAKE_PREFIX_PATH}:/home/pratinav/ros2_ws/install/my_py_pkg:/opt/ros/humble /usr/bin/cmake --install /home/pratinav/Desktop/teleOperation/build/teleOperation
[5.066s] -- Install configuration: ""
[5.067s] -- Execute custom install script
[5.067s] -- Symlinking: /home/pratinav/Desktop/teleOperation/install/teleOperation/lib/teleOperation/my_node
[5.091s] -- Symlinking: /home/pratinav/Desktop/teleOperation/install/teleOperation/share/teleOperation//launch/display.launch.py
[5.123s] -- Symlinking: /home/pratinav/Desktop/teleOperation/install/teleOperation/share/teleOperation//launch/gazebo.launch.py
[5.157s] -- Symlinking: /home/pratinav/Desktop/teleOperation/install/teleOperation/share/teleOperation//urdf/my_robot.urdf
[5.179s] -- Symlinking: /home/pratinav/Desktop/teleOperation/install/teleOperation/share/teleOperation//rviz/config.rviz
[5.206s] -- Symlinking: /home/pratinav/Desktop/teleOperation/install/teleOperation/share/ament_index/resource_index/package_run_dependencies/teleOperation
[5.230s] -- Symlinking: /home/pratinav/Desktop/teleOperation/install/teleOperation/share/ament_index/resource_index/parent_prefix_path/teleOperation
[5.252s] -- Symlinking: /home/pratinav/Desktop/teleOperation/install/teleOperation/share/teleOperation/environment/ament_prefix_path.sh
[5.299s] -- Symlinking: /home/pratinav/Desktop/teleOperation/install/teleOperation/share/teleOperation/environment/ament_prefix_path.dsv
[5.329s] -- Symlinking: /home/pratinav/Desktop/teleOperation/install/teleOperation/share/teleOperation/environment/path.sh
[5.346s] -- Symlinking: /home/pratinav/Desktop/teleOperation/install/teleOperation/share/teleOperation/environment/path.dsv
[5.378s] -- Symlinking: /home/pratinav/Desktop/teleOperation/install/teleOperation/share/teleOperation/local_setup.bash
[5.403s] -- Symlinking: /home/pratinav/Desktop/teleOperation/install/teleOperation/share/teleOperation/local_setup.sh
[5.432s] -- Symlinking: /home/pratinav/Desktop/teleOperation/install/teleOperation/share/teleOperation/local_setup.zsh
[5.459s] -- Symlinking: /home/pratinav/Desktop/teleOperation/install/teleOperation/share/teleOperation/local_setup.dsv
[5.478s] -- Symlinking: /home/pratinav/Desktop/teleOperation/install/teleOperation/share/teleOperation/package.dsv
[5.507s] -- Symlinking: /home/pratinav/Desktop/teleOperation/install/teleOperation/share/ament_index/resource_index/packages/teleOperation
[5.533s] -- Symlinking: /home/pratinav/Desktop/teleOperation/install/teleOperation/share/teleOperation/cmake/teleOperationConfig.cmake
[5.554s] -- Symlinking: /home/pratinav/Desktop/teleOperation/install/teleOperation/share/teleOperation/cmake/teleOperationConfig-version.cmake
[5.618s] -- Symlinking: /home/pratinav/Desktop/teleOperation/install/teleOperation/share/teleOperation/package.xml
[5.663s] Invoked command in '/home/pratinav/Desktop/teleOperation/build/teleOperation' returned '0': CMAKE_PREFIX_PATH=${CMAKE_PREFIX_PATH}:/home/pratinav/ros2_ws/install/my_py_pkg:/opt/ros/humble /usr/bin/cmake --install /home/pratinav/Desktop/teleOperation/build/teleOperation
